<?xml version="1.0" encoding="UTF-8"?>
<testng-results ignored="0" total="1" passed="0" failed="1" skipped="0">
  <reporter-output>
  </reporter-output>
  <suite started-at="2021-11-10T11:57:09 IST" name="Default suite" finished-at="2021-11-10T11:57:23 IST" duration-ms="14083">
    <groups>
    </groups>
    <test started-at="2021-11-10T11:57:09 IST" name="Default test" finished-at="2021-11-10T11:57:23 IST" duration-ms="14083">
      <class name="com.vtiger.comcast.organizationtest.ListenerPractice">
        <test-method is-config="true" signature="configBS()[pri:0, instance:com.vtiger.comcast.organizationtest.ListenerPractice@31d7b7bf]" started-at="2021-11-10T11:57:09 IST" name="configBS" finished-at="2021-11-10T11:57:09 IST" duration-ms="8" status="PASS">
          <reporter-output>
          </reporter-output>
        </test-method> <!-- configBS -->
        <test-method is-config="true" signature="configBC()[pri:0, instance:com.vtiger.comcast.organizationtest.ListenerPractice@31d7b7bf]" started-at="2021-11-10T11:57:09 IST" name="configBC" finished-at="2021-11-10T11:57:12 IST" duration-ms="3133" status="PASS">
          <reporter-output>
          </reporter-output>
        </test-method> <!-- configBC -->
        <test-method is-config="true" signature="confiBM()[pri:0, instance:com.vtiger.comcast.organizationtest.ListenerPractice@31d7b7bf]" started-at="2021-11-10T11:57:12 IST" name="confiBM" finished-at="2021-11-10T11:57:17 IST" duration-ms="4707" status="PASS">
          <reporter-output>
          </reporter-output>
        </test-method> <!-- confiBM -->
        <test-method signature="ListenerPractice()[pri:0, instance:com.vtiger.comcast.organizationtest.ListenerPractice@31d7b7bf]" started-at="2021-11-10T11:57:17 IST" name="ListenerPractice" finished-at="2021-11-10T11:57:17 IST" duration-ms="12" status="FAIL">
          <exception class="java.lang.AssertionError">
            <message>
              <![CDATA[null]]>
            </message>
            <full-stacktrace>
              <![CDATA[java.lang.AssertionError: null
at org.testng.Assert.fail(Assert.java:99)
at org.testng.Assert.fail(Assert.java:106)
at com.vtiger.comcast.organizationtest.ListenerPractice.ListenerPractice(ListenerPractice.java:15)
at java.base/jdk.internal.reflect.NativeMethodAccessorImpl.invoke0(Native Method)
at java.base/jdk.internal.reflect.NativeMethodAccessorImpl.invoke(NativeMethodAccessorImpl.java:64)
at java.base/jdk.internal.reflect.DelegatingMethodAccessorImpl.invoke(DelegatingMethodAccessorImpl.java:43)
at java.base/java.lang.reflect.Method.invoke(Method.java:564)
at org.testng.internal.MethodInvocationHelper.invokeMethod(MethodInvocationHelper.java:133)
at org.testng.internal.TestInvoker.invokeMethod(TestInvoker.java:598)
at org.testng.internal.TestInvoker.invokeTestMethod(TestInvoker.java:173)
at org.testng.internal.MethodRunner.runInSequence(MethodRunner.java:46)
at org.testng.internal.TestInvoker$MethodInvocationAgent.invoke(TestInvoker.java:824)
at org.testng.internal.TestInvoker.invokeTestMethods(TestInvoker.java:146)
at org.testng.internal.TestMethodWorker.invokeTestMethods(TestMethodWorker.java:146)
at org.testng.internal.TestMethodWorker.run(TestMethodWorker.java:128)
at java.base/java.util.ArrayList.forEach(ArrayList.java:1511)
at org.testng.TestRunner.privateRun(TestRunner.java:794)
at org.testng.TestRunner.run(TestRunner.java:596)
at org.testng.SuiteRunner.runTest(SuiteRunner.java:377)
at org.testng.SuiteRunner.runSequentially(SuiteRunner.java:371)
at org.testng.SuiteRunner.privateRun(SuiteRunner.java:332)
at org.testng.SuiteRunner.run(SuiteRunner.java:276)
at org.testng.SuiteRunnerWorker.runSuite(SuiteRunnerWorker.java:53)
at org.testng.SuiteRunnerWorker.run(SuiteRunnerWorker.java:96)
at org.testng.TestNG.runSuitesSequentially(TestNG.java:1212)
at org.testng.TestNG.runSuitesLocally(TestNG.java:1134)
at org.testng.TestNG.runSuites(TestNG.java:1063)
at org.testng.TestNG.run(TestNG.java:1031)
at org.testng.remote.AbstractRemoteTestNG.run(AbstractRemoteTestNG.java:115)
at org.testng.remote.RemoteTestNG.initAndRun(RemoteTestNG.java:251)
at org.testng.remote.RemoteTestNG.main(RemoteTestNG.java:77)
]]>
            </full-stacktrace>
          </exception> <!-- java.lang.AssertionError -->
          <reporter-output>
          </reporter-output>
        </test-method> <!-- ListenerPractice -->
        <test-method is-config="true" signature="configAM()[pri:0, instance:com.vtiger.comcast.organizationtest.ListenerPractice@31d7b7bf]" started-at="2021-11-10T11:57:17 IST" name="configAM" finished-at="2021-11-10T11:57:22 IST" duration-ms="4958" status="PASS">
          <reporter-output>
          </reporter-output>
        </test-method> <!-- configAM -->
        <test-method is-config="true" signature="configAC()[pri:0, instance:com.vtiger.comcast.organizationtest.ListenerPractice@31d7b7bf]" started-at="2021-11-10T11:57:22 IST" name="configAC" finished-at="2021-11-10T11:57:23 IST" duration-ms="764" status="PASS">
          <reporter-output>
          </reporter-output>
        </test-method> <!-- configAC -->
        <test-method is-config="true" signature="configAS()[pri:0, instance:com.vtiger.comcast.organizationtest.ListenerPractice@31d7b7bf]" started-at="2021-11-10T11:57:23 IST" name="configAS" finished-at="2021-11-10T11:57:23 IST" duration-ms="0" status="PASS">
          <reporter-output>
          </reporter-output>
        </test-method> <!-- configAS -->
      </class> <!-- com.vtiger.comcast.organizationtest.ListenerPractice -->
    </test> <!-- Default test -->
  </suite> <!-- Default suite -->
</testng-results>
